<?xml version="1.0" encoding="UTF-8"?>
<!-- Generated by org.testng.reporters.JUnitXMLReporter -->
<testsuite hostname="DESKTOP-19QAE7B" ignored="0" name="Test" tests="3" failures="0" timestamp="2022-06-24T10:50:30 IST" time="102.76" errors="0">
  <testcase name="basePageNavigation" time="34.17" classname="Academy.HomePageTest"/>
  <testcase name="basePageNavigation" time="44.016" classname="Academy.HomePageTest"/>
  <testcase name="title" time="24.49" classname="Academy.ValidateTitleTest"/>
</testsuite> <!-- Test -->
