<?xml version="1.0" encoding="UTF-8"?>
<testng-results skipped="0" failed="0" ignored="0" total="1" passed="1">
  <reporter-output>
  </reporter-output>
  <suite name="Default suite" duration-ms="35914" started-at="2022-06-24T12:21:58 IST" finished-at="2022-06-24T12:22:34 IST">
    <groups>
    </groups>
    <test name="Default test" duration-ms="35914" started-at="2022-06-24T12:21:58 IST" finished-at="2022-06-24T12:22:34 IST">
      <class name="Academy.HomePageTest">
        <test-method status="PASS" signature="basePageNavigation(java.lang.String, java.lang.String)[pri:0, instance:Academy.HomePageTest@4ddced80]" name="basePageNavigation" duration-ms="35848" started-at="2022-06-24T12:21:58 IST" data-provider="getData" finished-at="2022-06-24T12:22:34 IST">
          <params>
            <param index="0">
              <value>
                <![CDATA[dddg@gmail.com]]>
              </value>
            </param>
            <param index="1">
              <value>
                <![CDATA[dggdh]]>
              </value>
            </param>
          </params>
          <reporter-output>
          </reporter-output>
        </test-method> <!-- basePageNavigation -->
      </class> <!-- Academy.HomePageTest -->
    </test> <!-- Default test -->
  </suite> <!-- Default suite -->
</testng-results>
